{
  "RSpec": {
    "coverage": {
      "/Users/ajosephides/Documents/Makers/week10/bank_tech_test/spec/account_spec.rb": [
        1,
        null,
        1,
        null,
        6,
        1,
        1,
        1,
        1,
        1,
        1,
        null,
        null,
        null,
        1,
        1,
        1,
        1,
        null,
        null,
        1,
        1,
        1,
        null,
        null,
        null,
        1,
        1,
        1,
        1,
        1,
        null,
        null,
        1,
        1,
        1,
        1,
        null,
        null,
        null,
        null,
        null,
        null,
        null
      ],
      "/Users/ajosephides/Documents/Makers/week10/bank_tech_test/lib/account.rb": [
        1,
        1,
        null,
        1,
        5,
        5,
        null,
        null,
        1,
        6,
        6,
        null,
        null,
        1,
        3,
        3,
        null,
        null,
        1,
        1,
        1,
        1,
        3,
        2,
        null,
        1,
        null,
        null,
        1,
        null,
        null
      ]
    },
    "timestamp": 1564410166
  }
}
